TN:
SF:src/errors.ts
FN:2,(anonymous_0)
FN:9,(anonymous_1)
FN:16,(anonymous_2)
FN:23,(anonymous_3)
FN:30,(anonymous_4)
FN:37,(anonymous_5)
FN:44,(anonymous_6)
FN:51,(anonymous_7)
FN:58,(anonymous_8)
FNF:9
FNH:9
FNDA:28,(anonymous_0)
FNDA:5,(anonymous_1)
FNDA:2,(anonymous_2)
FNDA:3,(anonymous_3)
FNDA:10,(anonymous_4)
FNDA:7,(anonymous_5)
FNDA:8,(anonymous_6)
FNDA:3,(anonymous_7)
FNDA:4,(anonymous_8)
DA:1,4
DA:3,28
DA:4,28
DA:8,4
DA:10,5
DA:11,5
DA:15,4
DA:17,2
DA:18,2
DA:22,4
DA:24,3
DA:25,3
DA:29,4
DA:31,10
DA:32,10
DA:36,4
DA:38,7
DA:39,7
DA:43,4
DA:45,8
DA:46,8
DA:50,4
DA:52,3
DA:53,3
DA:57,4
DA:59,4
DA:60,4
LF:27
LH:27
BRDA:9,0,0,1
BRDA:16,1,0,1
BRDA:23,2,0,1
BRDA:30,3,0,1
BRDA:37,4,0,1
BRDA:51,5,0,3
BRDA:58,6,0,1
BRF:7
BRH:7
end_of_record
TN:
SF:src/sign.ts
FN:15,sign
FNF:1
FNH:1
FNDA:29,sign
DA:1,2
DA:2,2
DA:3,2
DA:5,2
DA:15,2
DA:17,29
DA:18,1
DA:20,28
DA:21,1
DA:25,27
DA:26,3
DA:30,24
DA:37,24
DA:38,24
DA:41,24
DA:43,24
DA:44,3
DA:47,24
DA:48,4
DA:51,24
DA:52,2
DA:55,24
DA:56,4
DA:59,24
DA:60,1
DA:64,24
DA:65,24
DA:68,24
DA:73,24
DA:74,24
DA:75,1
DA:79,23
DA:84,23
LF:33
LH:33
BRDA:17,0,0,1
BRDA:20,1,0,1
BRDA:25,2,0,3
BRDA:25,3,0,27
BRDA:25,3,1,25
BRDA:31,4,0,24
BRDA:31,4,1,19
BRDA:43,5,0,3
BRDA:47,6,0,4
BRDA:51,7,0,2
BRDA:55,8,0,4
BRDA:59,9,0,1
BRDA:74,10,0,1
BRF:13
BRH:13
end_of_record
TN:
SF:src/utils.ts
FN:6,base64UrlEncode
FN:14,base64UrlDecode
FN:29,parseExpiresIn
FNF:3
FNH:3
FNDA:78,base64UrlEncode
FNDA:61,base64UrlDecode
FNDA:14,parseExpiresIn
DA:1,3
DA:6,3
DA:7,78
DA:8,78
DA:14,3
DA:16,61
DA:17,2
DA:20,59
DA:21,59
DA:22,59
DA:23,59
DA:29,3
DA:30,14
DA:31,3
DA:34,11
DA:35,1
DA:38,10
DA:39,10
DA:40,2
DA:45,8
DA:46,8
DA:48,8
DA:50,1
DA:52,3
DA:54,4
DA:56,0
LF:26
LH:25
BRDA:7,0,0,24
BRDA:7,0,1,54
BRDA:16,1,0,2
BRDA:22,2,0,33
BRDA:22,2,1,26
BRDA:30,3,0,3
BRDA:34,4,0,1
BRDA:34,5,0,11
BRDA:34,5,1,10
BRDA:39,6,0,2
BRDA:48,7,0,1
BRDA:48,7,1,3
BRDA:48,7,2,4
BRDA:48,7,3,0
BRF:14
BRH:13
end_of_record
TN:
SF:src/verify.ts
FN:23,verify
FN:127,(anonymous_1)
FNF:2
FNH:2
FNDA:24,verify
FNDA:6,(anonymous_1)
DA:1,1
DA:2,1
DA:4,1
DA:23,1
DA:25,24
DA:26,1
DA:30,23
DA:31,23
DA:32,3
DA:37,20
DA:38,20
DA:40,2
DA:44,18
DA:45,18
DA:46,1
DA:50,17
DA:55,17
DA:59,17
DA:60,17
DA:62,1
DA:66,16
DA:71,16
DA:72,16
DA:74,0
DA:78,16
DA:79,16
DA:80,0
DA:83,1
DA:87,15
DA:88,15
DA:91,15
DA:92,1
DA:96,14
DA:97,1
DA:103,13
DA:104,1
DA:110,12
DA:111,1
DA:117,11
DA:118,5
DA:119,5
DA:120,0
DA:123,5
DA:125,5
DA:127,6
DA:128,5
DA:129,2
DA:135,9
LF:48
LH:45
BRDA:25,0,0,1
BRDA:31,1,0,3
BRDA:45,2,0,1
BRDA:79,3,0,0
BRDA:88,4,0,15
BRDA:88,4,1,15
BRDA:91,5,0,1
BRDA:91,6,0,15
BRDA:91,6,1,1
BRDA:96,7,0,1
BRDA:96,8,0,14
BRDA:96,8,1,1
BRDA:103,9,0,1
BRDA:103,10,0,13
BRDA:103,10,1,13
BRDA:110,11,0,1
BRDA:110,12,0,12
BRDA:110,12,1,2
BRDA:117,13,0,5
BRDA:119,14,0,0
BRDA:123,15,0,1
BRDA:123,15,1,4
BRDA:125,16,0,3
BRDA:125,16,1,2
BRDA:128,17,0,2
BRF:25
BRH:23
end_of_record
