TN:
SF:src/errors.ts
FN:2,(anonymous_0)
FN:9,(anonymous_1)
FN:16,(anonymous_2)
FN:23,(anonymous_3)
FN:30,(anonymous_4)
FN:37,(anonymous_5)
FN:44,(anonymous_6)
FN:51,(anonymous_7)
FN:58,(anonymous_8)
FNF:9
FNH:9
FNDA:15,(anonymous_0)
FNDA:4,(anonymous_1)
FNDA:1,(anonymous_2)
FNDA:1,(anonymous_3)
FNDA:7,(anonymous_4)
FNDA:1,(anonymous_5)
FNDA:7,(anonymous_6)
FNDA:2,(anonymous_7)
FNDA:4,(anonymous_8)
DA:1,3
DA:3,15
DA:4,15
DA:8,3
DA:10,4
DA:11,4
DA:15,3
DA:17,1
DA:18,1
DA:22,3
DA:24,1
DA:25,1
DA:29,3
DA:31,7
DA:32,7
DA:36,3
DA:38,1
DA:39,1
DA:43,3
DA:45,7
DA:46,7
DA:50,3
DA:52,2
DA:53,2
DA:57,3
DA:59,4
DA:60,4
LF:27
LH:27
BRDA:9,0,0,1
BRDA:16,1,0,1
BRDA:23,2,0,1
BRDA:30,3,0,1
BRDA:37,4,0,1
BRDA:51,5,0,2
BRDA:58,6,0,1
BRF:7
BRH:7
end_of_record
TN:
SF:src/sign.ts
FN:15,sign
FNF:1
FNH:1
FNDA:17,sign
DA:1,1
DA:2,1
DA:3,1
DA:5,1
DA:15,1
DA:17,17
DA:18,1
DA:20,16
DA:21,1
DA:25,15
DA:26,3
DA:30,12
DA:37,12
DA:38,12
DA:41,12
DA:43,12
DA:44,4
DA:47,12
DA:48,4
DA:51,12
DA:52,1
DA:55,12
DA:56,2
DA:59,12
DA:60,1
DA:64,12
DA:65,1
DA:68,11
DA:69,1
DA:73,10
DA:74,10
DA:77,10
DA:82,10
DA:83,10
DA:84,1
DA:88,9
DA:93,9
LF:37
LH:37
BRDA:17,0,0,1
BRDA:20,1,0,1
BRDA:25,2,0,3
BRDA:25,3,0,15
BRDA:25,3,1,13
BRDA:31,4,0,12
BRDA:31,4,1,10
BRDA:43,5,0,4
BRDA:47,6,0,4
BRDA:51,7,0,1
BRDA:55,8,0,2
BRDA:59,9,0,1
BRDA:64,10,0,1
BRDA:64,11,0,12
BRDA:64,11,1,4
BRDA:68,12,0,1
BRDA:68,13,0,11
BRDA:68,13,1,4
BRDA:83,14,0,1
BRF:19
BRH:19
end_of_record
TN:
SF:src/utils.ts
FN:6,base64UrlEncode
FN:17,base64UrlDecode
FN:32,parseExpiresIn
FNF:3
FNH:3
FNDA:36,base64UrlEncode
FNDA:8,base64UrlDecode
FNDA:15,parseExpiresIn
DA:1,2
DA:6,2
DA:7,36
DA:8,36
DA:17,2
DA:19,8
DA:20,1
DA:23,7
DA:24,7
DA:25,7
DA:26,7
DA:32,2
DA:33,15
DA:34,3
DA:37,12
DA:38,1
DA:41,11
DA:42,11
DA:43,2
DA:46,9
DA:47,9
DA:49,9
DA:51,3
DA:53,3
DA:55,3
DA:57,0
LF:26
LH:25
BRDA:7,0,0,10
BRDA:7,0,1,26
BRDA:19,1,0,1
BRDA:25,2,0,6
BRDA:25,2,1,1
BRDA:33,3,0,3
BRDA:37,4,0,1
BRDA:37,5,0,12
BRDA:37,5,1,11
BRDA:42,6,0,2
BRDA:49,7,0,3
BRDA:49,7,1,3
BRDA:49,7,2,3
BRDA:49,7,3,0
BRF:14
BRH:13
end_of_record
